账号:H7112589 密码:123456 登录时间:2020-04-06 13:54:25
账号:admin 密码:admin 登录时间:2020-04-06 13:55:04
登录时间:2020-04-06 13:55:30 添加数据:([u'666', u'666', u'666'],)
登录时间:2020-04-06 13:55:34 添加数据:([u'777', u'777', u'777'],)
账号:H7112589 密码:123456 登录时间:2020-04-06 14:08:57
账号:admin 密码:admin 登录时间:2020-04-06 14:09:10
登录账号:admin 登录时间:2020-04-06 14:09:19 添加数据:([u'888', u'888', u'888'],)
登录账号:admin 登录时间:2020-04-06 14:09:28 添加数据:([u'999', u'999', u'999'],)
账号admn 密码:admin 登录时间:2020-04-06 14:38:06
账号:admin 密码:admin 登录时间:2020-04-06 14:38:23
账号:H7112589 密码:123456 登录时间:2020-04-06 14:38:25
账号None 密码:None 登录时间:2020-04-06 14:38:42
账号:H7112589 密码:123456 登录时间:2020-04-06 14:42:21
账号:admin 密码:admin 登录时间:2020-04-06 14:44:36
账号:admin 密码:admin 登录时间:2020-04-06 14:48:03
账号:H7112589 密码:123456 登录时间:2020-04-06 14:48:05
登录账号:H7112589 登录时间:2020-04-06 14:48:20 添加数据:([u'bbb', u'bbb', u'bbb'],)
登录账号:admin 登录时间:2020-04-06 14:48:30 添加数据:([u'ccc', u'ccc', u'ccc'],)
登录账号:admin 登录时间:2020:04:06 14:59:50 删除数据:([u'aaa', u'aaa', u'aaa'],)
登录账号:H7112589 登录时间:2020:04:06 15:00:06 删除数据:([u'bbb', u'bbb', u'bbb'],)
账号:H7112589 密码:123456 登录时间:2020-04-06 15:20:24
账号:H7112589 登录时间:2020:04:06 15:20:49 删除数据:([u'ccc', u'ccc', u'ccc'],)
账号:H7112589 密码:123456 登录时间:2020-04-06 15:23:53
账号:H7112589 登录时间:2020:04:06 15:24:04 删除数据:([u'999', u'999', u'999'],)
账号:H7112589 密码:123456 登录时间:2020-04-08 11:28:43
账号:H7112589 密码:123456 登录时间:2020-04-08 17:05:15
账号:H7112589 登录时间:2020-04-08 17:05:34 添加数据:([u'AAA', u'AAA', u'AAA'],)
账号:H7112589 密码:123456 登录时间:2020-04-08 17:06:40
